mode: set
filmPackager/internal/application/commentservice/comment_service.go:17.109,19.2 1 0
filmPackager/internal/application/commentservice/comment_service.go:38.112,42.16 3 0
filmPackager/internal/application/commentservice/comment_service.go:42.16,44.3 1 0
filmPackager/internal/application/commentservice/comment_service.go:46.2,48.29 2 0
filmPackager/internal/application/commentservice/comment_service.go:48.29,56.3 2 0
filmPackager/internal/application/commentservice/comment_service.go:58.2,59.16 2 0
filmPackager/internal/application/commentservice/comment_service.go:59.16,61.3 1 0
filmPackager/internal/application/commentservice/comment_service.go:63.2,65.26 2 0
filmPackager/internal/application/commentservice/comment_service.go:65.26,67.3 1 0
filmPackager/internal/application/commentservice/comment_service.go:69.2,69.29 1 0
filmPackager/internal/application/commentservice/comment_service.go:69.29,71.3 1 0
filmPackager/internal/application/commentservice/comment_service.go:73.2,73.16 1 0
filmPackager/internal/application/commentservice/comment_service.go:76.135,86.16 4 0
filmPackager/internal/application/commentservice/comment_service.go:86.16,88.3 1 0
filmPackager/internal/application/commentservice/comment_service.go:90.2,91.16 2 0
filmPackager/internal/application/commentservice/comment_service.go:91.16,93.3 1 0
filmPackager/internal/application/commentservice/comment_service.go:95.2,97.16 2 0
filmPackager/internal/application/commentservice/comment_service.go:100.117,104.16 3 0
filmPackager/internal/application/commentservice/comment_service.go:104.16,106.3 1 0
filmPackager/internal/application/commentservice/comment_service.go:107.2,110.16 3 0
filmPackager/internal/application/commentservice/comment_service.go:110.16,112.3 1 0
filmPackager/internal/application/commentservice/comment_service.go:114.2,115.16 2 0
filmPackager/internal/application/commentservice/comment_service.go:115.16,117.3 1 0
filmPackager/internal/application/commentservice/comment_service.go:119.2,121.29 2 0
filmPackager/internal/application/commentservice/comment_service.go:121.29,129.3 2 0
filmPackager/internal/application/commentservice/comment_service.go:131.2,132.16 2 0
filmPackager/internal/application/commentservice/comment_service.go:132.16,134.3 1 0
filmPackager/internal/application/commentservice/comment_service.go:136.2,138.26 2 0
filmPackager/internal/application/commentservice/comment_service.go:138.26,140.3 1 0
filmPackager/internal/application/commentservice/comment_service.go:142.2,142.29 1 0
filmPackager/internal/application/commentservice/comment_service.go:142.29,144.3 1 0
filmPackager/internal/application/commentservice/comment_service.go:146.2,146.16 1 0
filmPackager/internal/application/middleware/auth/email/email.go:8.62,19.2 7 0
filmPackager/internal/application/middleware/auth/otp/otp.go:14.27,17.16 3 0
filmPackager/internal/application/middleware/auth/otp/otp.go:17.16,18.48 1 0
filmPackager/internal/application/middleware/auth/otp/otp.go:20.2,20.33 1 0
filmPackager/internal/application/middleware/auth/otp/otp.go:23.23,28.2 1 0
filmPackager/internal/application/documentservice/document_service.go:27.255,29.2 1 0
filmPackager/internal/application/documentservice/document_service.go:62.180,64.16 2 0
filmPackager/internal/application/documentservice/document_service.go:64.16,66.3 1 0
filmPackager/internal/application/documentservice/document_service.go:69.2,69.57 1 0
filmPackager/internal/application/documentservice/document_service.go:69.57,72.3 1 0
filmPackager/internal/application/documentservice/document_service.go:75.2,79.16 3 0
filmPackager/internal/application/documentservice/document_service.go:79.16,81.3 1 0
filmPackager/internal/application/documentservice/document_service.go:83.2,100.13 5 0
filmPackager/internal/application/documentservice/document_service.go:102.11,105.17 2 0
filmPackager/internal/application/documentservice/document_service.go:105.17,107.4 1 0
filmPackager/internal/application/documentservice/document_service.go:110.3,111.17 2 0
filmPackager/internal/application/documentservice/document_service.go:111.17,113.4 1 0
filmPackager/internal/application/documentservice/document_service.go:116.3,117.17 2 0
filmPackager/internal/application/documentservice/document_service.go:117.17,119.4 1 0
filmPackager/internal/application/documentservice/document_service.go:122.3,123.17 2 0
filmPackager/internal/application/documentservice/document_service.go:123.17,125.4 1 0
filmPackager/internal/application/documentservice/document_service.go:127.36,130.17 2 0
filmPackager/internal/application/documentservice/document_service.go:130.17,132.4 1 0
filmPackager/internal/application/documentservice/document_service.go:135.3,136.17 2 0
filmPackager/internal/application/documentservice/document_service.go:136.17,138.4 1 0
filmPackager/internal/application/documentservice/document_service.go:141.10,142.67 1 0
filmPackager/internal/application/documentservice/document_service.go:145.2,146.16 2 0
filmPackager/internal/application/documentservice/document_service.go:146.16,148.3 1 0
filmPackager/internal/application/documentservice/document_service.go:150.2,150.27 1 0
filmPackager/internal/application/documentservice/document_service.go:150.27,152.21 1 0
filmPackager/internal/application/documentservice/document_service.go:152.21,158.4 2 0
filmPackager/internal/application/documentservice/document_service.go:162.2,162.16 1 0
filmPackager/internal/application/documentservice/document_service.go:165.121,166.22 1 0
filmPackager/internal/application/documentservice/document_service.go:166.22,168.3 1 0
filmPackager/internal/application/documentservice/document_service.go:170.2,171.16 2 0
filmPackager/internal/application/documentservice/document_service.go:171.16,173.3 1 0
filmPackager/internal/application/documentservice/document_service.go:175.2,176.16 2 0
filmPackager/internal/application/documentservice/document_service.go:176.16,178.3 1 0
filmPackager/internal/application/documentservice/document_service.go:180.2,190.16 2 0
filmPackager/internal/application/documentservice/document_service.go:193.98,195.16 2 0
filmPackager/internal/application/documentservice/document_service.go:195.16,197.3 1 0
filmPackager/internal/application/documentservice/document_service.go:200.2,200.77 1 0
filmPackager/internal/application/documentservice/document_service.go:200.77,202.3 1 0
filmPackager/internal/application/documentservice/document_service.go:205.2,206.16 2 0
filmPackager/internal/application/documentservice/document_service.go:206.16,208.3 1 0
filmPackager/internal/application/documentservice/document_service.go:211.2,212.16 2 0
filmPackager/internal/application/documentservice/document_service.go:212.16,214.3 1 0
filmPackager/internal/application/documentservice/document_service.go:218.2,219.33 2 0
filmPackager/internal/application/documentservice/document_service.go:219.33,221.3 1 0
filmPackager/internal/application/documentservice/document_service.go:225.2,227.33 3 0
filmPackager/internal/application/documentservice/document_service.go:227.33,228.43 1 0
filmPackager/internal/application/documentservice/document_service.go:228.43,233.4 3 0
filmPackager/internal/application/documentservice/document_service.go:237.2,238.16 2 0
filmPackager/internal/application/documentservice/document_service.go:238.16,240.3 1 0
filmPackager/internal/application/documentservice/document_service.go:243.2,244.16 2 0
filmPackager/internal/application/documentservice/document_service.go:244.16,246.3 1 0
filmPackager/internal/application/documentservice/document_service.go:249.2,250.16 2 0
filmPackager/internal/application/documentservice/document_service.go:250.16,252.3 1 0
filmPackager/internal/application/documentservice/document_service.go:255.2,255.12 1 0
filmPackager/internal/application/documentservice/document_service.go:259.116,262.21 2 0
filmPackager/internal/application/documentservice/document_service.go:262.21,264.3 1 0
filmPackager/internal/application/documentservice/document_service.go:267.2,268.16 2 0
filmPackager/internal/application/documentservice/document_service.go:268.16,270.3 1 0
filmPackager/internal/application/documentservice/document_service.go:273.2,274.16 2 0
filmPackager/internal/application/documentservice/document_service.go:274.16,276.3 1 0
filmPackager/internal/application/documentservice/document_service.go:278.2,280.16 3 0
filmPackager/internal/application/documentservice/document_service.go:283.99,288.16 3 0
filmPackager/internal/application/documentservice/document_service.go:288.16,290.3 1 0
filmPackager/internal/application/documentservice/document_service.go:293.2,294.16 2 0
filmPackager/internal/application/documentservice/document_service.go:294.16,296.3 1 0
filmPackager/internal/application/documentservice/document_service.go:299.2,300.16 2 0
filmPackager/internal/application/documentservice/document_service.go:300.16,302.3 1 0
filmPackager/internal/application/documentservice/document_service.go:305.2,306.16 2 0
filmPackager/internal/application/documentservice/document_service.go:306.16,308.3 1 0
filmPackager/internal/application/documentservice/document_service.go:311.2,311.32 1 0
filmPackager/internal/application/projectservice/project_service.go:26.256,35.2 1 0
filmPackager/internal/application/projectservice/project_service.go:69.116,72.16 3 0
filmPackager/internal/application/projectservice/project_service.go:72.16,74.3 1 0
filmPackager/internal/application/projectservice/project_service.go:76.2,77.45 2 0
filmPackager/internal/application/projectservice/project_service.go:77.45,79.3 1 0
filmPackager/internal/application/projectservice/project_service.go:82.2,83.16 2 0
filmPackager/internal/application/projectservice/project_service.go:83.16,85.3 1 0
filmPackager/internal/application/projectservice/project_service.go:87.2,91.16 3 0
filmPackager/internal/application/projectservice/project_service.go:91.16,93.3 1 0
filmPackager/internal/application/projectservice/project_service.go:95.2,97.16 2 0
filmPackager/internal/application/projectservice/project_service.go:100.99,102.16 2 0
filmPackager/internal/application/projectservice/project_service.go:102.16,104.3 1 0
filmPackager/internal/application/projectservice/project_service.go:106.2,106.15 1 0
filmPackager/internal/application/projectservice/project_service.go:109.122,113.16 3 0
filmPackager/internal/application/projectservice/project_service.go:113.16,115.3 1 0
filmPackager/internal/application/projectservice/project_service.go:118.2,119.16 2 0
filmPackager/internal/application/projectservice/project_service.go:119.16,121.3 1 0
filmPackager/internal/application/projectservice/project_service.go:124.2,132.16 6 0
filmPackager/internal/application/projectservice/project_service.go:135.136,139.16 3 0
filmPackager/internal/application/projectservice/project_service.go:139.16,141.3 1 0
filmPackager/internal/application/projectservice/project_service.go:144.2,162.16 4 0
filmPackager/internal/application/projectservice/project_service.go:162.16,164.3 1 0
filmPackager/internal/application/projectservice/project_service.go:167.2,168.16 2 0
filmPackager/internal/application/projectservice/project_service.go:168.16,170.3 1 0
filmPackager/internal/application/projectservice/project_service.go:172.2,177.16 5 0
filmPackager/internal/application/projectservice/project_service.go:180.134,184.16 3 0
filmPackager/internal/application/projectservice/project_service.go:184.16,186.3 1 0
filmPackager/internal/application/projectservice/project_service.go:189.2,190.25 2 0
filmPackager/internal/application/projectservice/project_service.go:190.25,193.3 2 0
filmPackager/internal/application/projectservice/project_service.go:196.2,196.25 1 0
filmPackager/internal/application/projectservice/project_service.go:196.25,198.17 2 0
filmPackager/internal/application/projectservice/project_service.go:198.17,200.4 1 0
filmPackager/internal/application/projectservice/project_service.go:204.2,205.16 2 0
filmPackager/internal/application/projectservice/project_service.go:205.16,207.3 1 0
filmPackager/internal/application/projectservice/project_service.go:210.2,211.16 2 0
filmPackager/internal/application/projectservice/project_service.go:211.16,214.3 2 0
filmPackager/internal/application/projectservice/project_service.go:216.2,217.16 2 0
filmPackager/internal/application/projectservice/project_service.go:217.16,219.3 1 0
filmPackager/internal/application/projectservice/project_service.go:221.2,222.45 2 0
filmPackager/internal/application/projectservice/project_service.go:222.45,224.3 1 0
filmPackager/internal/application/projectservice/project_service.go:227.2,228.16 2 0
filmPackager/internal/application/projectservice/project_service.go:228.16,230.3 1 0
filmPackager/internal/application/projectservice/project_service.go:233.2,237.16 3 0
filmPackager/internal/application/projectservice/project_service.go:237.16,239.3 1 0
filmPackager/internal/application/projectservice/project_service.go:241.2,243.16 2 0
filmPackager/internal/application/projectservice/project_service.go:246.140,251.16 3 0
filmPackager/internal/application/projectservice/project_service.go:251.16,253.3 1 0
filmPackager/internal/application/projectservice/project_service.go:256.2,260.16 3 0
filmPackager/internal/application/projectservice/project_service.go:260.16,262.3 1 0
filmPackager/internal/application/projectservice/project_service.go:265.2,273.16 5 0
filmPackager/internal/application/projectservice/project_service.go:273.16,275.3 1 0
filmPackager/internal/application/projectservice/project_service.go:277.2,282.28 4 0
filmPackager/internal/application/projectservice/project_service.go:282.28,284.3 1 0
filmPackager/internal/application/projectservice/project_service.go:287.2,288.16 2 0
filmPackager/internal/application/projectservice/project_service.go:288.16,290.3 1 0
filmPackager/internal/application/projectservice/project_service.go:293.2,295.16 2 0
filmPackager/internal/application/projectservice/project_service.go:298.132,301.52 2 0
filmPackager/internal/application/projectservice/project_service.go:301.52,303.3 1 0
filmPackager/internal/application/projectservice/project_service.go:304.2,304.38 1 0
filmPackager/internal/application/projectservice/project_service.go:304.38,306.17 2 0
filmPackager/internal/application/projectservice/project_service.go:306.17,308.4 1 0
filmPackager/internal/application/projectservice/project_service.go:310.2,310.59 1 0
filmPackager/internal/application/projectservice/project_service.go:310.59,312.3 1 0
filmPackager/internal/application/projectservice/project_service.go:313.2,314.16 2 0
filmPackager/internal/application/projectservice/project_service.go:314.16,316.3 1 0
filmPackager/internal/application/projectservice/project_service.go:317.2,318.33 2 0
filmPackager/internal/application/projectservice/project_service.go:318.33,319.39 1 0
filmPackager/internal/application/projectservice/project_service.go:319.39,321.4 1 0
filmPackager/internal/application/projectservice/project_service.go:323.2,323.25 1 0
filmPackager/internal/application/projectservice/project_service.go:326.104,328.16 2 0
filmPackager/internal/application/projectservice/project_service.go:328.16,330.3 1 0
filmPackager/internal/application/projectservice/project_service.go:332.2,332.12 1 0
filmPackager/internal/application/projectservice/project_service.go:335.128,337.16 2 0
filmPackager/internal/application/projectservice/project_service.go:337.16,339.3 1 0
filmPackager/internal/application/projectservice/project_service.go:341.2,345.16 4 0
filmPackager/internal/application/projectservice/project_service.go:345.16,347.3 1 0
filmPackager/internal/application/projectservice/project_service.go:349.2,350.16 2 0
filmPackager/internal/application/projectservice/project_service.go:350.16,352.3 1 0
filmPackager/internal/application/projectservice/project_service.go:354.2,354.22 1 0
filmPackager/internal/application/projectservice/project_utils.go:12.91,18.30 3 0
filmPackager/internal/application/projectservice/project_utils.go:18.30,24.27 2 0
filmPackager/internal/application/projectservice/project_utils.go:24.27,29.4 2 0
filmPackager/internal/application/projectservice/project_utils.go:29.9,34.4 2 0
filmPackager/internal/application/projectservice/project_utils.go:38.2,39.24 2 0
filmPackager/internal/application/projectservice/project_utils.go:42.137,47.26 2 0
filmPackager/internal/application/projectservice/project_utils.go:47.26,49.3 1 0
filmPackager/internal/application/projectservice/project_utils.go:52.2,52.28 1 0
filmPackager/internal/application/projectservice/project_utils.go:52.28,60.49 4 0
filmPackager/internal/application/projectservice/project_utils.go:60.49,62.4 1 0
filmPackager/internal/application/projectservice/project_utils.go:64.3,64.51 1 0
filmPackager/internal/application/projectservice/project_utils.go:64.51,66.4 1 0
filmPackager/internal/application/projectservice/project_utils.go:69.3,69.34 1 0
filmPackager/internal/application/projectservice/project_utils.go:69.34,71.4 1 0
filmPackager/internal/application/projectservice/project_utils.go:71.9,71.42 1 0
filmPackager/internal/application/projectservice/project_utils.go:71.42,73.4 1 0
filmPackager/internal/application/projectservice/project_utils.go:77.136,79.29 1 0
filmPackager/internal/application/projectservice/project_utils.go:79.29,80.37 1 0
filmPackager/internal/application/projectservice/project_utils.go:80.37,81.27 1 0
filmPackager/internal/application/projectservice/project_utils.go:81.27,91.36 3 0
filmPackager/internal/application/projectservice/project_utils.go:91.36,93.6 1 0
filmPackager/internal/application/projectservice/project_utils.go:93.11,93.44 1 0
filmPackager/internal/application/projectservice/project_utils.go:93.44,95.6 1 0
filmPackager/cmd/main.go:11.13,15.2 3 0
filmPackager/internal/application/authservice/auth_service.go:21.64,23.2 1 0
filmPackager/internal/application/authservice/auth_service.go:25.52,27.16 2 0
filmPackager/internal/application/authservice/auth_service.go:27.16,29.3 1 0
filmPackager/internal/application/authservice/auth_service.go:30.2,31.23 2 0
filmPackager/internal/application/authservice/auth_service.go:42.101,45.16 2 0
filmPackager/internal/application/authservice/auth_service.go:45.16,47.3 1 0
filmPackager/internal/application/authservice/auth_service.go:50.2,51.16 2 0
filmPackager/internal/application/authservice/auth_service.go:51.16,53.3 1 0
filmPackager/internal/application/authservice/auth_service.go:55.2,56.16 2 0
filmPackager/internal/application/authservice/auth_service.go:56.16,58.3 1 0
filmPackager/internal/application/authservice/auth_service.go:60.2,60.19 1 0
filmPackager/internal/application/authservice/auth_service.go:63.52,73.16 5 0
filmPackager/internal/application/authservice/auth_service.go:73.16,75.3 1 0
filmPackager/internal/application/authservice/auth_service.go:76.2,76.25 1 0
filmPackager/internal/application/authservice/auth_service.go:79.61,80.83 1 0
filmPackager/internal/application/authservice/auth_service.go:80.83,82.3 1 0
filmPackager/internal/application/authservice/auth_service.go:83.2,83.16 1 0
filmPackager/internal/application/authservice/auth_service.go:83.16,85.3 1 0
filmPackager/internal/application/authservice/auth_service.go:86.2,86.18 1 0
filmPackager/internal/application/authservice/auth_service.go:86.18,88.3 1 0
filmPackager/internal/application/authservice/auth_service.go:89.2,89.12 1 0
filmPackager/internal/application/authservice/auth_service.go:92.135,94.16 2 0
filmPackager/internal/application/authservice/auth_service.go:94.16,96.3 1 0
filmPackager/internal/application/authservice/auth_service.go:98.2,101.16 3 0
filmPackager/internal/application/authservice/auth_service.go:101.16,103.3 1 0
filmPackager/internal/application/authservice/auth_service.go:105.2,108.57 3 0
filmPackager/internal/application/authservice/auth_service.go:108.57,110.3 1 0
filmPackager/internal/application/authservice/auth_service.go:111.2,111.25 1 0
filmPackager/internal/application/authservice/auth_service.go:111.25,113.3 1 0
filmPackager/internal/application/authservice/auth_service.go:115.2,117.16 3 0
filmPackager/internal/application/authservice/auth_service.go:117.16,119.3 1 0
filmPackager/internal/application/authservice/auth_service.go:121.2,122.16 2 0
filmPackager/internal/application/authservice/auth_service.go:122.16,124.3 1 0
filmPackager/internal/application/authservice/auth_service.go:126.2,126.25 1 0
filmPackager/internal/application/authservice/auth_utils.go:8.99,9.39 1 0
filmPackager/internal/application/authservice/auth_utils.go:9.39,11.3 1 0
filmPackager/internal/application/authservice/auth_utils.go:12.2,12.17 1 0
filmPackager/internal/application/authservice/auth_utils.go:12.17,14.3 1 0
filmPackager/internal/application/authservice/auth_utils.go:15.2,15.32 1 0
filmPackager/internal/application/authservice/auth_utils.go:15.32,17.3 1 0
filmPackager/internal/application/authservice/auth_utils.go:18.2,18.50 1 0
filmPackager/internal/application/authservice/auth_utils.go:18.50,20.3 1 0
filmPackager/internal/application/authservice/auth_utils.go:21.2,21.31 1 0
filmPackager/internal/application/authservice/auth_utils.go:21.31,23.3 1 0
filmPackager/internal/application/authservice/auth_utils.go:24.2,24.12 1 0
filmPackager/internal/application/middleware/auth/auth.go:20.52,22.16 2 0
filmPackager/internal/application/middleware/auth/auth.go:22.16,24.3 1 0
filmPackager/internal/application/middleware/auth/auth.go:25.2,26.23 2 0
filmPackager/internal/application/middleware/auth/auth.go:36.54,37.34 1 0
filmPackager/internal/application/middleware/auth/auth.go:37.34,39.24 2 0
filmPackager/internal/application/middleware/auth/auth.go:39.24,41.4 1 0
filmPackager/internal/application/middleware/auth/auth.go:43.3,47.102 3 0
filmPackager/internal/application/middleware/auth/auth.go:47.102,49.4 1 0
filmPackager/internal/application/middleware/auth/auth.go:50.3,50.17 1 0
filmPackager/internal/application/middleware/auth/auth.go:50.17,52.4 1 0
filmPackager/internal/application/middleware/auth/auth.go:53.3,53.19 1 0
filmPackager/internal/application/middleware/auth/auth.go:53.19,55.4 1 0
filmPackager/internal/application/middleware/auth/auth.go:57.3,59.17 2 0
filmPackager/internal/application/middleware/auth/auth.go:59.17,61.4 1 0
filmPackager/internal/application/middleware/auth/auth.go:63.3,65.18 2 0
filmPackager/internal/application/middleware/auth/auth.go:69.50,71.9 2 0
filmPackager/internal/application/middleware/auth/auth.go:71.9,73.3 1 0
filmPackager/internal/application/middleware/auth/auth.go:75.2,75.10 1 0
filmPackager/internal/application/membershipservice/membership_service.go:24.120,26.2 1 0
filmPackager/internal/application/membershipservice/membership_service.go:39.131,44.19 2 0
filmPackager/internal/application/membershipservice/membership_service.go:44.19,46.3 1 0
filmPackager/internal/application/membershipservice/membership_service.go:49.2,50.16 2 0
filmPackager/internal/application/membershipservice/membership_service.go:50.16,52.3 1 0
filmPackager/internal/application/membershipservice/membership_service.go:55.2,56.32 2 0
filmPackager/internal/application/membershipservice/membership_service.go:56.32,58.3 1 0
filmPackager/internal/application/membershipservice/membership_service.go:61.2,62.16 2 0
filmPackager/internal/application/membershipservice/membership_service.go:62.16,64.3 1 0
filmPackager/internal/application/membershipservice/membership_service.go:66.2,66.19 1 0
filmPackager/internal/application/membershipservice/membership_service.go:70.132,73.16 2 0
filmPackager/internal/application/membershipservice/membership_service.go:73.16,75.3 1 0
filmPackager/internal/application/membershipservice/membership_service.go:78.2,79.16 2 0
filmPackager/internal/application/membershipservice/membership_service.go:79.16,81.3 1 0
filmPackager/internal/application/membershipservice/membership_service.go:84.2,95.16 3 0
filmPackager/internal/application/membershipservice/membership_service.go:95.16,97.3 1 0
filmPackager/internal/application/membershipservice/membership_service.go:100.2,106.32 4 0
filmPackager/internal/application/membershipservice/membership_service.go:106.32,107.34 1 0
filmPackager/internal/application/membershipservice/membership_service.go:107.34,110.4 2 0
filmPackager/internal/application/membershipservice/membership_service.go:114.2,115.16 2 0
filmPackager/internal/application/membershipservice/membership_service.go:115.16,117.3 1 0
filmPackager/internal/application/membershipservice/membership_service.go:120.2,120.26 1 0
filmPackager/internal/application/membershipservice/membership_service.go:120.26,121.31 1 0
filmPackager/internal/application/membershipservice/membership_service.go:121.31,122.24 1 0
filmPackager/internal/application/membershipservice/membership_service.go:122.24,126.5 2 0
filmPackager/internal/application/membershipservice/membership_service.go:130.2,130.21 1 0
filmPackager/internal/application/membershipservice/membership_service.go:134.125,136.16 2 0
filmPackager/internal/application/membershipservice/membership_service.go:136.16,138.3 1 0
filmPackager/internal/application/membershipservice/membership_service.go:140.2,141.16 2 0
filmPackager/internal/application/membershipservice/membership_service.go:141.16,143.3 1 0
filmPackager/internal/application/membershipservice/membership_service.go:146.2,152.32 5 0
filmPackager/internal/application/membershipservice/membership_service.go:152.32,153.37 1 0
filmPackager/internal/application/membershipservice/membership_service.go:153.37,154.12 1 0
filmPackager/internal/application/membershipservice/membership_service.go:155.9,157.4 1 0
filmPackager/internal/application/membershipservice/membership_service.go:160.2,165.16 2 0
filmPackager/internal/application/membershipservice/membership_service.go:168.142,171.16 2 0
filmPackager/internal/application/membershipservice/membership_service.go:171.16,173.3 1 0
filmPackager/internal/application/membershipservice/membership_service.go:175.2,176.16 2 0
filmPackager/internal/application/membershipservice/membership_service.go:176.16,178.3 1 0
filmPackager/internal/application/membershipservice/membership_service.go:181.2,184.28 2 0
filmPackager/internal/application/membershipservice/membership_service.go:184.28,187.3 1 0
filmPackager/internal/application/membershipservice/membership_service.go:190.2,195.16 4 0
filmPackager/internal/application/membershipservice/membership_service.go:195.16,197.3 1 0
filmPackager/internal/application/membershipservice/membership_service.go:199.2,199.15 1 0
filmPackager/internal/application/membershipservice/membership_service.go:202.133,206.16 3 0
filmPackager/internal/application/membershipservice/membership_service.go:206.16,208.3 1 0
filmPackager/internal/application/membershipservice/membership_service.go:210.2,213.32 2 0
filmPackager/internal/application/membershipservice/membership_service.go:213.32,215.3 1 0
filmPackager/internal/application/membershipservice/membership_service.go:217.2,218.16 2 0
filmPackager/internal/application/membershipservice/membership_service.go:218.16,220.3 1 0
filmPackager/internal/application/membershipservice/membership_service.go:222.2,222.32 1 0
filmPackager/internal/application/membershipservice/membership_service.go:222.32,223.27 1 0
filmPackager/internal/application/membershipservice/membership_service.go:223.27,225.24 1 0
filmPackager/internal/application/membershipservice/membership_service.go:225.24,228.5 2 0
filmPackager/internal/application/membershipservice/membership_service.go:231.3,231.34 1 0
filmPackager/internal/application/membershipservice/membership_service.go:231.34,233.4 1 0
filmPackager/internal/application/membershipservice/membership_service.go:233.9,235.4 1 0
filmPackager/internal/application/membershipservice/membership_service.go:238.2,238.16 1 0
filmPackager/internal/domain/membership/membership.go:22.44,24.40 2 0
filmPackager/internal/domain/membership/membership.go:24.40,26.3 1 0
filmPackager/internal/domain/membership/membership.go:27.2,27.43 1 0
filmPackager/internal/domain/membership/membership.go:27.43,29.3 1 0
filmPackager/internal/domain/membership/membership.go:30.2,30.43 1 0
filmPackager/internal/domain/membership/membership.go:30.43,32.3 1 0
filmPackager/internal/domain/membership/membership.go:33.2,33.41 1 0
filmPackager/internal/domain/membership/membership.go:33.41,35.3 1 0
filmPackager/internal/domain/membership/membership.go:36.2,36.50 1 0
filmPackager/internal/domain/membership/membership.go:36.50,38.3 1 0
filmPackager/internal/domain/membership/membership.go:39.2,39.54 1 0
filmPackager/internal/domain/membership/membership.go:39.54,41.3 1 0
filmPackager/internal/domain/membership/membership.go:42.2,42.41 1 0
filmPackager/internal/domain/membership/membership.go:42.41,44.3 1 0
filmPackager/internal/domain/membership/membership.go:45.2,45.21 1 0
filmPackager/internal/domain/membership/membership.go:48.46,50.2 1 0
filmPackager/internal/infrastructure/comment/postgres_repository.go:15.80,17.2 1 0
filmPackager/internal/infrastructure/comment/postgres_repository.go:19.107,25.2 3 0
filmPackager/internal/infrastructure/comment/postgres_repository.go:27.117,31.16 3 0
filmPackager/internal/infrastructure/comment/postgres_repository.go:31.16,33.3 1 0
filmPackager/internal/infrastructure/comment/postgres_repository.go:35.2,39.18 3 0
filmPackager/internal/infrastructure/comment/postgres_repository.go:39.18,43.17 3 0
filmPackager/internal/infrastructure/comment/postgres_repository.go:43.17,45.4 1 0
filmPackager/internal/infrastructure/comment/postgres_repository.go:47.3,47.39 1 0
filmPackager/internal/infrastructure/comment/postgres_repository.go:50.2,50.22 1 0
filmPackager/internal/infrastructure/comment/postgres_repository.go:53.99,59.2 3 0
filmPackager/internal/infrastructure/comment/postgres_repository.go:61.102,67.2 3 0
filmPackager/internal/infrastructure/comment/postgres_repository.go:69.119,77.16 5 0
filmPackager/internal/infrastructure/comment/postgres_repository.go:77.16,79.3 1 0
filmPackager/internal/infrastructure/comment/postgres_repository.go:81.2,81.22 1 0
filmPackager/internal/domain/comment/comment.go:18.75,27.2 2 0
filmPackager/internal/domain/comment/comment.go:29.56,31.2 1 0
filmPackager/internal/domain/document/document.go:20.36,22.2 1 0
filmPackager/internal/infrastructure/document/postgres_repository.go:18.82,20.2 1 0
filmPackager/internal/infrastructure/document/postgres_repository.go:23.120,27.16 3 0
filmPackager/internal/infrastructure/document/postgres_repository.go:27.16,29.3 1 0
filmPackager/internal/infrastructure/document/postgres_repository.go:31.2,35.18 3 0
filmPackager/internal/infrastructure/document/postgres_repository.go:35.18,39.17 3 0
filmPackager/internal/infrastructure/document/postgres_repository.go:39.17,41.4 1 0
filmPackager/internal/infrastructure/document/postgres_repository.go:43.3,43.28 1 0
filmPackager/internal/infrastructure/document/postgres_repository.go:46.2,46.23 1 0
filmPackager/internal/infrastructure/document/postgres_repository.go:46.23,48.3 1 0
filmPackager/internal/infrastructure/document/postgres_repository.go:50.2,50.18 1 0
filmPackager/internal/infrastructure/document/postgres_repository.go:53.94,59.2 3 0
filmPackager/internal/infrastructure/document/postgres_repository.go:61.104,66.16 3 0
filmPackager/internal/infrastructure/document/postgres_repository.go:66.16,68.3 1 0
filmPackager/internal/infrastructure/document/postgres_repository.go:70.2,70.12 1 0
filmPackager/internal/infrastructure/document/postgres_repository.go:73.123,81.16 5 0
filmPackager/internal/infrastructure/document/postgres_repository.go:81.16,83.3 1 0
filmPackager/internal/infrastructure/document/postgres_repository.go:85.2,85.18 1 0
filmPackager/internal/infrastructure/document/postgres_repository.go:88.138,97.16 5 0
filmPackager/internal/infrastructure/document/postgres_repository.go:97.16,98.36 1 0
filmPackager/internal/infrastructure/document/postgres_repository.go:98.36,100.4 1 0
filmPackager/internal/infrastructure/document/postgres_repository.go:101.3,101.56 1 0
filmPackager/internal/infrastructure/document/postgres_repository.go:103.2,103.18 1 0
filmPackager/internal/infrastructure/document/postgres_repository.go:106.96,110.2 3 0
filmPackager/internal/infrastructure/document/postgres_repository.go:112.99,116.16 4 0
filmPackager/internal/infrastructure/document/postgres_repository.go:116.16,118.3 1 0
filmPackager/internal/infrastructure/document/postgres_repository.go:119.2,119.18 1 0
filmPackager/internal/infrastructure/document/postgres_repository.go:119.18,122.17 3 0
filmPackager/internal/infrastructure/document/postgres_repository.go:122.17,124.4 1 0
filmPackager/internal/infrastructure/document/postgres_repository.go:125.3,125.27 1 0
filmPackager/internal/infrastructure/document/postgres_repository.go:127.2,127.23 1 0
filmPackager/internal/infrastructure/document/postgres_repository.go:127.23,129.3 1 0
filmPackager/internal/infrastructure/document/postgres_repository.go:130.2,130.19 1 0
filmPackager/internal/infrastructure/document/postgres_repository.go:133.131,136.16 3 0
filmPackager/internal/infrastructure/document/postgres_repository.go:136.16,138.3 1 0
filmPackager/internal/infrastructure/document/postgres_repository.go:139.2,141.18 3 0
filmPackager/internal/infrastructure/document/postgres_repository.go:141.18,144.17 3 0
filmPackager/internal/infrastructure/document/postgres_repository.go:144.17,146.4 1 0
filmPackager/internal/infrastructure/document/postgres_repository.go:147.3,147.28 1 0
filmPackager/internal/infrastructure/document/postgres_repository.go:149.2,149.23 1 0
filmPackager/internal/infrastructure/document/postgres_repository.go:149.23,151.3 1 0
filmPackager/internal/infrastructure/document/postgres_repository.go:152.2,152.18 1 0
filmPackager/internal/infrastructure/document/postgres_repository.go:155.139,159.16 3 0
filmPackager/internal/infrastructure/document/postgres_repository.go:159.16,161.3 1 0
filmPackager/internal/infrastructure/document/postgres_repository.go:162.2,166.18 3 0
filmPackager/internal/infrastructure/document/postgres_repository.go:166.18,170.17 3 0
filmPackager/internal/infrastructure/document/postgres_repository.go:170.17,172.4 1 0
filmPackager/internal/infrastructure/document/postgres_repository.go:174.3,174.28 1 0
filmPackager/internal/infrastructure/document/postgres_repository.go:177.2,177.23 1 0
filmPackager/internal/infrastructure/document/postgres_repository.go:177.23,179.3 1 0
filmPackager/internal/infrastructure/document/postgres_repository.go:181.2,181.18 1 0
filmPackager/internal/infrastructure/document/postgres_repository.go:184.109,190.2 3 0
filmPackager/internal/infrastructure/document/postgres_repository.go:192.106,198.2 3 0
filmPackager/internal/infrastructure/document/postgres_repository.go:200.107,206.2 3 0
filmPackager/internal/infrastructure/document/s3_repository.go:22.86,24.2 1 0
filmPackager/internal/infrastructure/document/s3_repository.go:26.122,35.16 3 0
filmPackager/internal/infrastructure/document/s3_repository.go:35.16,37.3 1 0
filmPackager/internal/infrastructure/document/s3_repository.go:39.2,39.26 1 0
filmPackager/internal/infrastructure/document/s3_repository.go:42.94,50.16 3 0
filmPackager/internal/infrastructure/document/s3_repository.go:50.16,52.3 1 0
filmPackager/internal/infrastructure/document/s3_repository.go:54.2,54.12 1 0
filmPackager/internal/infrastructure/document/s3_repository.go:58.92,59.20 1 0
filmPackager/internal/infrastructure/document/s3_repository.go:59.20,61.3 1 0
filmPackager/internal/infrastructure/document/s3_repository.go:63.2,65.27 2 0
filmPackager/internal/infrastructure/document/s3_repository.go:65.27,69.3 1 0
filmPackager/internal/infrastructure/document/s3_repository.go:71.2,80.16 3 0
filmPackager/internal/infrastructure/document/s3_repository.go:80.16,82.3 1 0
filmPackager/internal/infrastructure/document/s3_repository.go:84.2,84.12 1 0
filmPackager/internal/infrastructure/document/s3_repository.go:88.126,96.16 3 0
filmPackager/internal/infrastructure/document/s3_repository.go:96.16,99.29 2 0
filmPackager/internal/infrastructure/document/s3_repository.go:99.29,102.4 2 0
filmPackager/internal/infrastructure/document/s3_repository.go:102.9,104.4 1 0
filmPackager/internal/infrastructure/document/s3_repository.go:105.3,105.18 1 0
filmPackager/internal/infrastructure/document/s3_repository.go:108.2,108.20 1 0
filmPackager/internal/infrastructure/project/postgres_repository.go:18.80,20.2 1 0
filmPackager/internal/infrastructure/project/postgres_repository.go:22.136,27.16 4 0
filmPackager/internal/infrastructure/project/postgres_repository.go:27.16,29.3 1 0
filmPackager/internal/infrastructure/project/postgres_repository.go:30.2,30.18 1 0
filmPackager/internal/infrastructure/project/postgres_repository.go:30.18,33.17 3 0
filmPackager/internal/infrastructure/project/postgres_repository.go:33.17,35.4 1 0
filmPackager/internal/infrastructure/project/postgres_repository.go:36.3,36.33 1 0
filmPackager/internal/infrastructure/project/postgres_repository.go:38.2,38.22 1 0
filmPackager/internal/infrastructure/project/postgres_repository.go:41.120,44.16 3 0
filmPackager/internal/infrastructure/project/postgres_repository.go:44.16,46.3 1 0
filmPackager/internal/infrastructure/project/postgres_repository.go:47.2,47.12 1 0
filmPackager/internal/infrastructure/project/postgres_repository.go:50.99,53.16 3 0
filmPackager/internal/infrastructure/project/postgres_repository.go:53.16,55.3 1 0
filmPackager/internal/infrastructure/project/postgres_repository.go:56.2,56.12 1 0
filmPackager/internal/infrastructure/project/postgres_repository.go:59.120,65.16 4 0
filmPackager/internal/infrastructure/project/postgres_repository.go:65.16,67.3 1 0
filmPackager/internal/infrastructure/project/postgres_repository.go:69.2,69.22 1 0
filmPackager/internal/infrastructure/project/postgres_repository.go:72.116,76.16 3 0
filmPackager/internal/infrastructure/project/postgres_repository.go:76.16,78.3 1 0
filmPackager/internal/infrastructure/project/postgres_repository.go:80.2,80.12 1 0
filmPackager/internal/infrastructure/project/postgres_repository.go:83.115,87.16 3 0
filmPackager/internal/infrastructure/project/postgres_repository.go:87.16,89.3 1 0
filmPackager/internal/infrastructure/project/postgres_repository.go:91.2,91.12 1 0
filmPackager/internal/infrastructure/project/postgres_repository.go:94.134,98.16 3 0
filmPackager/internal/infrastructure/project/postgres_repository.go:98.16,100.3 1 0
filmPackager/internal/infrastructure/project/postgres_repository.go:102.2,102.12 1 0
filmPackager/internal/infrastructure/project/postgres_repository.go:105.98,109.16 3 0
filmPackager/internal/infrastructure/project/postgres_repository.go:109.16,111.3 1 0
filmPackager/internal/infrastructure/project/postgres_repository.go:113.2,113.12 1 0
filmPackager/internal/infrastructure/membership/postgres_repository.go:17.86,19.2 1 0
filmPackager/internal/infrastructure/membership/postgres_repository.go:21.137,34.16 4 0
filmPackager/internal/infrastructure/membership/postgres_repository.go:34.16,36.3 1 0
filmPackager/internal/infrastructure/membership/postgres_repository.go:37.2,37.18 1 0
filmPackager/internal/infrastructure/membership/postgres_repository.go:37.18,40.17 3 0
filmPackager/internal/infrastructure/membership/postgres_repository.go:40.17,42.4 1 0
filmPackager/internal/infrastructure/membership/postgres_repository.go:43.3,43.39 1 0
filmPackager/internal/infrastructure/membership/postgres_repository.go:45.2,45.25 1 0
filmPackager/internal/infrastructure/membership/postgres_repository.go:48.110,53.16 3 0
filmPackager/internal/infrastructure/membership/postgres_repository.go:53.16,55.3 1 0
filmPackager/internal/infrastructure/membership/postgres_repository.go:56.2,56.12 1 0
filmPackager/internal/infrastructure/membership/postgres_repository.go:59.123,64.16 3 0
filmPackager/internal/infrastructure/membership/postgres_repository.go:64.16,66.3 1 0
filmPackager/internal/infrastructure/membership/postgres_repository.go:67.2,67.12 1 0
filmPackager/internal/infrastructure/membership/postgres_repository.go:70.146,85.16 4 0
filmPackager/internal/infrastructure/membership/postgres_repository.go:85.16,87.3 1 0
filmPackager/internal/infrastructure/membership/postgres_repository.go:89.2,89.16 1 0
filmPackager/internal/infrastructure/membership/postgres_repository.go:92.161,104.16 4 0
filmPackager/internal/infrastructure/membership/postgres_repository.go:104.16,106.3 1 0
filmPackager/internal/infrastructure/membership/postgres_repository.go:107.2,107.16 1 0
filmPackager/internal/infrastructure/membership/postgres_repository.go:110.121,119.16 4 0
filmPackager/internal/infrastructure/membership/postgres_repository.go:119.16,121.3 1 0
filmPackager/internal/infrastructure/membership/postgres_repository.go:122.2,122.18 1 0
filmPackager/internal/infrastructure/membership/postgres_repository.go:122.18,125.17 3 0
filmPackager/internal/infrastructure/membership/postgres_repository.go:125.17,127.4 1 0
filmPackager/internal/infrastructure/membership/postgres_repository.go:128.3,128.45 1 0
filmPackager/internal/infrastructure/membership/postgres_repository.go:130.2,130.24 1 0
filmPackager/internal/infrastructure/membership/postgres_repository.go:133.134,146.16 4 0
filmPackager/internal/infrastructure/membership/postgres_repository.go:146.16,148.3 1 0
filmPackager/internal/infrastructure/membership/postgres_repository.go:149.2,149.18 1 0
filmPackager/internal/infrastructure/membership/postgres_repository.go:149.18,152.17 3 0
filmPackager/internal/infrastructure/membership/postgres_repository.go:152.17,154.4 1 0
filmPackager/internal/infrastructure/membership/postgres_repository.go:155.3,155.39 1 0
filmPackager/internal/infrastructure/membership/postgres_repository.go:157.2,157.25 1 0
filmPackager/internal/infrastructure/membership/postgres_repository.go:160.110,168.16 3 0
filmPackager/internal/infrastructure/membership/postgres_repository.go:168.16,170.3 1 0
filmPackager/internal/infrastructure/membership/postgres_repository.go:172.2,172.12 1 0
filmPackager/internal/infrastructure/user/postgres_repository.go:18.74,20.2 1 0
filmPackager/internal/infrastructure/user/postgres_repository.go:22.104,28.16 4 0
filmPackager/internal/infrastructure/user/postgres_repository.go:28.16,29.36 1 0
filmPackager/internal/infrastructure/user/postgres_repository.go:29.36,31.4 1 0
filmPackager/internal/infrastructure/user/postgres_repository.go:32.3,32.57 1 0
filmPackager/internal/infrastructure/user/postgres_repository.go:35.2,35.27 1 0
filmPackager/internal/infrastructure/user/postgres_repository.go:38.105,44.16 4 0
filmPackager/internal/infrastructure/user/postgres_repository.go:44.16,45.36 1 0
filmPackager/internal/infrastructure/user/postgres_repository.go:45.36,47.4 1 0
filmPackager/internal/infrastructure/user/postgres_repository.go:48.3,48.57 1 0
filmPackager/internal/infrastructure/user/postgres_repository.go:51.2,51.27 1 0
filmPackager/internal/infrastructure/user/postgres_repository.go:54.92,58.16 3 0
filmPackager/internal/infrastructure/user/postgres_repository.go:58.16,60.3 1 0
filmPackager/internal/infrastructure/user/postgres_repository.go:62.2,62.12 1 0
filmPackager/internal/infrastructure/user/postgres_repository.go:65.111,69.16 4 0
filmPackager/internal/infrastructure/user/postgres_repository.go:69.16,71.3 1 0
filmPackager/internal/infrastructure/user/postgres_repository.go:72.2,73.18 2 0
filmPackager/internal/infrastructure/user/postgres_repository.go:73.18,76.17 3 0
filmPackager/internal/infrastructure/user/postgres_repository.go:76.17,78.4 1 0
filmPackager/internal/infrastructure/user/postgres_repository.go:79.3,79.27 1 0
filmPackager/internal/infrastructure/user/postgres_repository.go:81.2,81.19 1 0
filmPackager/internal/infrastructure/user/postgres_repository.go:84.106,88.16 4 0
filmPackager/internal/infrastructure/user/postgres_repository.go:88.16,89.36 1 0
filmPackager/internal/infrastructure/user/postgres_repository.go:89.36,91.4 1 0
filmPackager/internal/infrastructure/user/postgres_repository.go:92.3,92.57 1 0
filmPackager/internal/infrastructure/user/postgres_repository.go:94.2,94.27 1 0
filmPackager/internal/infrastructure/user/postgres_repository.go:97.111,101.16 4 0
filmPackager/internal/infrastructure/user/postgres_repository.go:101.16,103.3 1 0
filmPackager/internal/infrastructure/user/postgres_repository.go:104.2,105.18 2 0
filmPackager/internal/infrastructure/user/postgres_repository.go:105.18,108.17 3 0
filmPackager/internal/infrastructure/user/postgres_repository.go:108.17,110.4 1 0
filmPackager/internal/infrastructure/user/postgres_repository.go:111.3,111.27 1 0
filmPackager/internal/infrastructure/user/postgres_repository.go:113.2,113.19 1 0
filmPackager/internal/infrastructure/user/postgres_repository.go:117.131,121.16 4 0
filmPackager/internal/infrastructure/user/postgres_repository.go:121.16,123.3 1 0
filmPackager/internal/infrastructure/user/postgres_repository.go:124.2,125.18 2 0
filmPackager/internal/infrastructure/user/postgres_repository.go:125.18,128.17 3 0
filmPackager/internal/infrastructure/user/postgres_repository.go:128.17,130.4 1 0
filmPackager/internal/infrastructure/user/postgres_repository.go:131.3,131.27 1 0
filmPackager/internal/infrastructure/user/postgres_repository.go:133.2,133.19 1 0
filmPackager/internal/infrastructure/user/postgres_repository.go:137.90,141.16 3 0
filmPackager/internal/infrastructure/user/postgres_repository.go:141.16,143.3 1 0
filmPackager/internal/infrastructure/user/postgres_repository.go:145.2,145.12 1 0
filmPackager/internal/presentation/server.go:35.40,38.16 2 0
filmPackager/internal/presentation/server.go:38.16,40.3 1 0
filmPackager/internal/presentation/server.go:43.2,44.21 2 0
filmPackager/internal/presentation/server.go:44.21,46.3 1 0
filmPackager/internal/presentation/server.go:47.2,48.18 2 0
filmPackager/internal/presentation/server.go:48.18,50.3 1 0
filmPackager/internal/presentation/server.go:53.2,54.17 2 0
filmPackager/internal/presentation/server.go:54.17,56.3 1 0
filmPackager/internal/presentation/server.go:59.2,96.10 18 0
filmPackager/internal/presentation/server.go:99.75,111.2 3 0
filmPackager/internal/presentation/server.go:113.32,115.2 1 0
filmPackager/internal/presentation/server.go:117.309,161.2 30 0
filmPackager/internal/store/s3.go:14.50,17.16 2 0
filmPackager/internal/store/s3.go:17.16,19.3 1 0
filmPackager/internal/store/s3.go:21.2,21.30 1 0
filmPackager/internal/store/s3.go:24.109,30.16 2 0
filmPackager/internal/store/s3.go:30.16,32.3 1 0
filmPackager/internal/store/s3.go:33.2,33.12 1 0
filmPackager/internal/store/s3.go:36.96,41.16 2 0
filmPackager/internal/store/s3.go:41.16,43.3 1 0
filmPackager/internal/store/s3.go:44.2,44.12 1 0
filmPackager/internal/presentation/routes/comment.go:12.77,13.34 1 0
filmPackager/internal/presentation/routes/comment.go:13.34,16.17 3 0
filmPackager/internal/presentation/routes/comment.go:16.17,18.4 1 0
filmPackager/internal/presentation/routes/comment.go:20.3,21.17 2 0
filmPackager/internal/presentation/routes/comment.go:21.17,23.4 1 0
filmPackager/internal/presentation/routes/comment.go:25.3,28.5 1 0
filmPackager/internal/presentation/routes/comment.go:32.70,33.34 1 0
filmPackager/internal/presentation/routes/comment.go:33.34,36.17 3 0
filmPackager/internal/presentation/routes/comment.go:36.17,38.4 1 0
filmPackager/internal/presentation/routes/comment.go:39.3,43.17 4 0
filmPackager/internal/presentation/routes/comment.go:43.17,46.4 2 0
filmPackager/internal/presentation/routes/comment.go:48.3,48.41 1 0
filmPackager/internal/presentation/routes/comment.go:52.70,53.34 1 0
filmPackager/internal/presentation/routes/comment.go:53.34,56.17 3 0
filmPackager/internal/presentation/routes/comment.go:56.17,58.4 1 0
filmPackager/internal/presentation/routes/comment.go:60.3,61.17 2 0
filmPackager/internal/presentation/routes/comment.go:61.17,63.4 1 0
filmPackager/internal/presentation/routes/comment.go:66.3,69.5 1 0
filmPackager/internal/presentation/routes/document.go:14.73,15.34 1 0
filmPackager/internal/presentation/routes/document.go:15.34,20.17 4 0
filmPackager/internal/presentation/routes/document.go:20.17,22.4 1 0
filmPackager/internal/presentation/routes/document.go:24.3,25.17 2 0
filmPackager/internal/presentation/routes/document.go:25.17,26.39 1 0
filmPackager/internal/presentation/routes/document.go:26.39,29.5 1 0
filmPackager/internal/presentation/routes/document.go:33.3,33.55 1 0
filmPackager/internal/presentation/routes/document.go:37.75,38.34 1 0
filmPackager/internal/presentation/routes/document.go:38.34,41.17 3 0
filmPackager/internal/presentation/routes/document.go:41.17,43.4 1 0
filmPackager/internal/presentation/routes/document.go:45.3,46.17 2 0
filmPackager/internal/presentation/routes/document.go:46.17,48.4 1 0
filmPackager/internal/presentation/routes/document.go:49.3,59.58 5 0
filmPackager/internal/presentation/routes/document.go:59.58,62.4 2 0
filmPackager/internal/presentation/routes/document.go:64.3,64.13 1 0
filmPackager/internal/presentation/routes/document.go:68.80,69.34 1 0
filmPackager/internal/presentation/routes/document.go:69.34,73.17 4 0
filmPackager/internal/presentation/routes/document.go:73.17,75.4 1 0
filmPackager/internal/presentation/routes/document.go:77.3,80.17 3 0
filmPackager/internal/presentation/routes/document.go:80.17,82.4 1 0
filmPackager/internal/presentation/routes/document.go:83.3,86.17 3 0
filmPackager/internal/presentation/routes/document.go:86.17,88.4 1 0
filmPackager/internal/presentation/routes/document.go:91.3,92.17 2 0
filmPackager/internal/presentation/routes/document.go:92.17,94.39 1 0
filmPackager/internal/presentation/routes/document.go:94.39,97.5 1 0
filmPackager/internal/presentation/routes/document.go:98.4,98.76 1 0
filmPackager/internal/presentation/routes/document.go:101.3,103.5 1 0
filmPackager/internal/presentation/routes/document.go:107.72,108.34 1 0
filmPackager/internal/presentation/routes/document.go:108.34,111.17 3 0
filmPackager/internal/presentation/routes/document.go:111.17,113.4 1 0
filmPackager/internal/presentation/routes/document.go:115.3,116.17 2 0
filmPackager/internal/presentation/routes/document.go:116.17,118.4 1 0
filmPackager/internal/presentation/routes/document.go:120.3,120.47 1 0
filmPackager/internal/presentation/routes/document.go:124.73,125.34 1 0
filmPackager/internal/presentation/routes/document.go:125.34,129.17 3 0
filmPackager/internal/presentation/routes/document.go:129.17,131.4 1 0
filmPackager/internal/presentation/routes/document.go:133.3,134.17 2 0
filmPackager/internal/presentation/routes/document.go:134.17,136.4 1 0
filmPackager/internal/presentation/routes/document.go:138.3,139.25 2 0
filmPackager/internal/presentation/routes/member.go:14.76,15.34 1 0
filmPackager/internal/presentation/routes/member.go:15.34,18.17 3 0
filmPackager/internal/presentation/routes/member.go:18.17,20.4 1 0
filmPackager/internal/presentation/routes/member.go:22.3,24.17 3 0
filmPackager/internal/presentation/routes/member.go:24.17,26.4 1 0
filmPackager/internal/presentation/routes/member.go:28.3,29.17 2 0
filmPackager/internal/presentation/routes/member.go:29.17,31.4 1 0
filmPackager/internal/presentation/routes/member.go:33.3,33.129 1 0
filmPackager/internal/presentation/routes/member.go:37.80,38.34 1 0
filmPackager/internal/presentation/routes/member.go:38.34,41.17 3 0
filmPackager/internal/presentation/routes/member.go:41.17,43.4 1 0
filmPackager/internal/presentation/routes/member.go:45.3,47.17 3 0
filmPackager/internal/presentation/routes/member.go:47.17,49.4 1 0
filmPackager/internal/presentation/routes/member.go:51.3,54.17 3 0
filmPackager/internal/presentation/routes/member.go:54.17,56.4 1 0
filmPackager/internal/presentation/routes/member.go:58.3,61.33 3 0
filmPackager/internal/presentation/routes/member.go:61.33,62.38 1 0
filmPackager/internal/presentation/routes/member.go:62.38,63.13 1 0
filmPackager/internal/presentation/routes/member.go:64.10,66.5 1 0
filmPackager/internal/presentation/routes/member.go:69.3,69.109 1 0
filmPackager/internal/presentation/routes/member.go:73.73,74.34 1 0
filmPackager/internal/presentation/routes/member.go:74.34,77.17 3 0
filmPackager/internal/presentation/routes/member.go:77.17,79.4 1 0
filmPackager/internal/presentation/routes/member.go:82.3,83.17 2 0
filmPackager/internal/presentation/routes/member.go:83.17,85.4 1 0
filmPackager/internal/presentation/routes/member.go:88.3,92.5 1 0
filmPackager/internal/presentation/routes/member.go:96.82,97.34 1 0
filmPackager/internal/presentation/routes/member.go:97.34,103.17 4 0
filmPackager/internal/presentation/routes/member.go:103.17,105.4 1 0
filmPackager/internal/presentation/routes/member.go:108.3,109.17 2 0
filmPackager/internal/presentation/routes/member.go:109.17,110.47 1 0
filmPackager/internal/presentation/routes/member.go:110.47,115.5 1 0
filmPackager/internal/presentation/routes/member.go:116.4,116.88 1 0
filmPackager/internal/presentation/routes/member.go:120.3,120.22 1 0
filmPackager/internal/presentation/routes/member.go:120.22,125.4 1 0
filmPackager/internal/presentation/routes/member.go:127.3,130.5 1 0
filmPackager/internal/presentation/routes/member.go:134.75,135.34 1 0
filmPackager/internal/presentation/routes/member.go:135.34,140.17 4 0
filmPackager/internal/presentation/routes/member.go:140.17,142.4 1 0
filmPackager/internal/presentation/routes/member.go:144.3,145.17 2 0
filmPackager/internal/presentation/routes/member.go:145.17,147.4 1 0
filmPackager/internal/presentation/routes/member.go:149.3,150.17 2 0
filmPackager/internal/presentation/routes/member.go:150.17,151.46 1 0
filmPackager/internal/presentation/routes/member.go:151.46,156.5 1 0
filmPackager/internal/presentation/routes/member.go:157.4,157.97 1 0
filmPackager/internal/presentation/routes/member.go:160.3,162.5 1 0
filmPackager/internal/presentation/routes/project.go:11.68,12.34 1 0
filmPackager/internal/presentation/routes/project.go:12.34,14.36 2 0
filmPackager/internal/presentation/routes/project.go:14.36,17.4 2 0
filmPackager/internal/presentation/routes/project.go:18.3,18.24 1 0
filmPackager/internal/presentation/routes/project.go:18.24,20.4 1 0
filmPackager/internal/presentation/routes/project.go:22.3,27.17 4 0
filmPackager/internal/presentation/routes/project.go:27.17,29.4 1 0
filmPackager/internal/presentation/routes/project.go:31.3,31.32 1 0
filmPackager/internal/presentation/routes/project.go:35.67,36.34 1 0
filmPackager/internal/presentation/routes/project.go:36.34,42.17 4 0
filmPackager/internal/presentation/routes/project.go:42.17,44.4 1 0
filmPackager/internal/presentation/routes/project.go:46.3,47.17 2 0
filmPackager/internal/presentation/routes/project.go:47.17,49.4 1 0
filmPackager/internal/presentation/routes/project.go:51.3,51.38 1 0
filmPackager/internal/presentation/routes/project.go:55.75,56.34 1 0
filmPackager/internal/presentation/routes/project.go:56.34,60.17 3 0
filmPackager/internal/presentation/routes/project.go:60.17,62.4 1 0
filmPackager/internal/presentation/routes/project.go:64.3,65.17 2 0
filmPackager/internal/presentation/routes/project.go:65.17,67.4 1 0
filmPackager/internal/presentation/routes/project.go:69.3,69.48 1 0
filmPackager/internal/presentation/routes/project.go:73.76,74.34 1 0
filmPackager/internal/presentation/routes/project.go:74.34,80.17 4 0
filmPackager/internal/presentation/routes/project.go:80.17,82.4 1 0
filmPackager/internal/presentation/routes/project.go:85.3,87.102 2 0
filmPackager/internal/presentation/routes/project.go:91.70,92.34 1 0
filmPackager/internal/presentation/routes/project.go:92.34,97.17 4 0
filmPackager/internal/presentation/routes/project.go:97.17,99.4 1 0
filmPackager/internal/presentation/routes/project.go:101.3,102.17 2 0
filmPackager/internal/presentation/routes/project.go:102.17,104.4 1 0
filmPackager/internal/presentation/routes/project.go:106.3,107.17 2 0
filmPackager/internal/presentation/routes/project.go:107.17,109.4 1 0
filmPackager/internal/presentation/routes/project.go:111.3,111.40 1 0
filmPackager/internal/presentation/routes/project.go:115.70,116.34 1 0
filmPackager/internal/presentation/routes/project.go:116.34,122.17 4 0
filmPackager/internal/presentation/routes/project.go:122.17,124.4 1 0
filmPackager/internal/presentation/routes/project.go:126.3,126.49 1 0
filmPackager/internal/presentation/routes/project.go:130.64,131.34 1 0
filmPackager/internal/presentation/routes/project.go:131.34,134.17 3 0
filmPackager/internal/presentation/routes/project.go:134.17,136.4 1 0
filmPackager/internal/presentation/routes/project.go:138.3,141.17 3 0
filmPackager/internal/presentation/routes/project.go:141.17,143.4 1 0
filmPackager/internal/presentation/routes/project.go:145.3,146.17 2 0
filmPackager/internal/presentation/routes/project.go:146.17,148.4 1 0
filmPackager/internal/presentation/routes/project.go:150.3,150.40 1 0
filmPackager/internal/presentation/routes/project.go:154.74,155.34 1 0
filmPackager/internal/presentation/routes/project.go:155.34,158.17 3 0
filmPackager/internal/presentation/routes/project.go:158.17,160.4 1 0
filmPackager/internal/presentation/routes/project.go:162.3,163.17 2 0
filmPackager/internal/presentation/routes/project.go:163.17,165.4 1 0
filmPackager/internal/presentation/routes/project.go:167.3,167.41 1 0
filmPackager/internal/presentation/routes/project.go:171.74,172.34 1 0
filmPackager/internal/presentation/routes/project.go:172.34,177.17 4 0
filmPackager/internal/presentation/routes/project.go:177.17,179.4 1 0
filmPackager/internal/presentation/routes/project.go:181.3,182.17 2 0
filmPackager/internal/presentation/routes/project.go:182.17,184.4 1 0
filmPackager/internal/presentation/routes/project.go:186.3,186.41 1 0
filmPackager/internal/presentation/routes/user.go:13.63,14.34 1 0
filmPackager/internal/presentation/routes/user.go:14.34,17.24 2 0
filmPackager/internal/presentation/routes/user.go:17.24,19.4 1 0
filmPackager/internal/presentation/routes/user.go:21.3,24.17 3 0
filmPackager/internal/presentation/routes/user.go:24.17,26.4 1 0
filmPackager/internal/presentation/routes/user.go:27.3,27.25 1 0
filmPackager/internal/presentation/routes/user.go:31.68,32.34 1 0
filmPackager/internal/presentation/routes/user.go:32.34,40.17 7 0
filmPackager/internal/presentation/routes/user.go:40.17,44.4 1 0
filmPackager/internal/presentation/routes/user.go:46.3,54.25 2 0
filmPackager/internal/presentation/routes/user.go:58.67,59.34 1 0
filmPackager/internal/presentation/routes/user.go:59.34,61.3 1 0
filmPackager/internal/presentation/routes/user.go:64.67,65.34 1 0
filmPackager/internal/presentation/routes/user.go:65.34,71.17 4 0
filmPackager/internal/presentation/routes/user.go:71.17,73.4 1 0
filmPackager/internal/presentation/routes/user.go:75.3,83.25 2 0
filmPackager/internal/presentation/routes/user.go:87.61,88.34 1 0
filmPackager/internal/presentation/routes/user.go:88.34,102.3 2 0
filmPackager/internal/presentation/routes/user.go:105.71,106.34 1 0
filmPackager/internal/presentation/routes/user.go:106.34,109.24 2 0
filmPackager/internal/presentation/routes/user.go:109.24,111.4 1 0
filmPackager/internal/presentation/routes/user.go:113.3,115.45 2 0
filmPackager/internal/presentation/routes/user.go:119.68,120.34 1 0
filmPackager/internal/presentation/routes/user.go:120.34,126.24 4 0
filmPackager/internal/presentation/routes/user.go:126.24,128.4 1 0
filmPackager/internal/presentation/routes/user.go:129.3,135.17 4 0
filmPackager/internal/presentation/routes/user.go:135.17,139.4 1 0
filmPackager/internal/presentation/routes/user.go:141.3,141.40 1 0
filmPackager/internal/presentation/routes/user.go:145.65,146.34 1 0
filmPackager/internal/presentation/routes/user.go:146.34,155.24 5 0
filmPackager/internal/presentation/routes/user.go:155.24,157.4 1 0
filmPackager/internal/presentation/routes/user.go:159.3,162.17 3 0
filmPackager/internal/presentation/routes/user.go:162.17,166.4 1 0
filmPackager/internal/presentation/routes/user.go:168.3,168.25 1 0
filmPackager/internal/store/db/db.go:11.70,13.2 1 0
filmPackager/internal/store/db/db.go:15.34,17.31 2 0
filmPackager/internal/store/db/db.go:17.31,19.3 1 0
filmPackager/internal/store/db/db.go:19.8,21.3 1 0
filmPackager/internal/store/db/db.go:23.2,23.17 1 0
filmPackager/internal/store/db/db.go:23.17,24.49 1 0
filmPackager/internal/store/db/db.go:27.2,28.16 2 0
filmPackager/internal/store/db/db.go:28.16,29.13 1 0
filmPackager/internal/store/db/db.go:32.2,33.16 2 0
filmPackager/internal/store/db/db.go:33.16,34.13 1 0
filmPackager/internal/store/db/db.go:37.2,38.16 2 0
filmPackager/internal/store/db/db.go:38.16,39.13 1 0
filmPackager/internal/store/db/db.go:42.2,42.13 1 0
filmPackager/internal/domain/user/user.go:19.56,28.2 2 1
filmPackager/internal/domain/user/user.go:31.38,34.2 2 1
filmPackager/internal/application/userservice/user_service.go:19.100,21.2 1 1
filmPackager/internal/application/userservice/user_service.go:23.103,26.16 2 1
filmPackager/internal/application/userservice/user_service.go:26.16,28.3 1 1
filmPackager/internal/application/userservice/user_service.go:30.2,31.16 2 1
filmPackager/internal/application/userservice/user_service.go:31.16,33.3 1 1
filmPackager/internal/application/userservice/user_service.go:35.2,36.16 2 1
filmPackager/internal/application/userservice/user_service.go:36.16,38.3 1 1
filmPackager/internal/application/userservice/user_service.go:40.2,40.12 1 1
filmPackager/internal/application/userservice/user_service.go:43.100,46.16 2 1
filmPackager/internal/application/userservice/user_service.go:46.16,48.3 1 1
filmPackager/internal/application/userservice/user_service.go:50.2,51.16 2 1
filmPackager/internal/application/userservice/user_service.go:51.16,53.3 1 0
filmPackager/internal/application/userservice/user_service.go:55.2,56.16 2 1
filmPackager/internal/application/userservice/user_service.go:56.16,58.3 1 1
filmPackager/internal/application/userservice/user_service.go:60.2,65.16 4 1
filmPackager/internal/application/userservice/user_service.go:65.16,67.3 1 1
filmPackager/internal/application/userservice/user_service.go:69.2,69.12 1 1
filmPackager/internal/application/userservice/user_utils.go:7.75,8.32 1 1
filmPackager/internal/application/userservice/user_utils.go:8.32,10.3 1 1
filmPackager/internal/application/userservice/user_utils.go:11.2,11.44 1 1
filmPackager/internal/application/userservice/user_utils.go:11.44,13.3 1 0
filmPackager/internal/application/userservice/user_utils.go:14.2,14.12 1 1
